<?xml version="1.0" encoding="UTF-8"?>
<testsuite xmlns:xsi="http://www.w3.org/2001/XMLSchema-instance" xsi:noNamespaceSchemaLocation="https://maven.apache.org/surefire/maven-surefire-plugin/xsd/surefire-test-report.xsd" name="com.stackroute.repository.TrackRepositoryTest" time="1.008" tests="10" errors="0" skipped="0" failures="0">
  <properties>
[...]
</properties>
  <testcase name="testFindAllFailure" classname="com.stackroute.repository.TrackRepositoryTest" time="0.061"/>
  <testcase name="testExistsByIdSuccess" classname="com.stackroute.repository.TrackRepositoryTest" time="0.036"/>
  <testcase name="testFindByIdSuccess" classname="com.stackroute.repository.TrackRepositoryTest" time="0.004"/>
  <testcase name="testDeletebyFailure" classname="com.stackroute.repository.TrackRepositoryTest" time="0.002"/>
  <testcase name="testExistsByIdFailure" classname="com.stackroute.repository.TrackRepositoryTest" time="0.002"/>
  <testcase name="testFindByIdFailure" classname="com.stackroute.repository.TrackRepositoryTest" time="0.003"/>
  <testcase name="testSaveUserSuccess" classname="com.stackroute.repository.TrackRepositoryTest" time="0.003"/>
  <testcase name="testDeleteByIdSuccess" classname="com.stackroute.repository.TrackRepositoryTest" time="0.008"/>
  <testcase name="testUserSaveFailure" classname="com.stackroute.repository.TrackRepositoryTest" time="0.002"/>
  <testcase name="testFindAllSuccess" classname="com.stackroute.repository.TrackRepositoryTest" time="0.003"/>
</testsuite>